<?xml version="1.0" encoding="UTF-8"?>
<!-- Generated by org.testng.reporters.JUnitReportReporter -->
<testsuite hostname="User-PC" name="Mavenprojclass.Testfacebook" tests="1" failures="0" timestamp="5 Jun 2019 09:09:48 GMT" time="46.735" errors="0">
  <testcase name="TestFireFox" time="46.735" classname="Mavenprojclass.Testfacebook"/>
</testsuite> <!-- Mavenprojclass.Testfacebook -->
